 
****************************************
Report : timing
        -path end
        -delay max
        -max_paths 10000
        -sort_by slack
Design : PE
Version: O-2018.06-SP5-1
Date   : Sat Apr  9 21:19:23 2022
****************************************

Operating Conditions: tt_1p2v_25c   Library: scx3_cmos8rf_lpvt_tt_1p2v_25c
Wire Load Model Mode: top

Endpoint                         Path Delay     Path Required     Slack
------------------------------------------------------------------------
out0[9] (out)                       0.82 f            3.89         3.07
out0[8] (out)                       0.82 f            3.89         3.07
out0[18] (out)                      0.80 f            3.89         3.09
out0[19] (out)                      0.77 f            3.89         3.12
out0[17] (out)                      0.77 f            3.89         3.12
out0[16] (out)                      0.77 f            3.89         3.12
out0[11] (out)                      0.77 f            3.89         3.12
out0[10] (out)                      0.77 f            3.89         3.12
out0[7] (out)                       0.76 f            3.89         3.13
out0[5] (out)                       0.76 f            3.89         3.13
out0[13] (out)                      0.76 f            3.89         3.13
out0[4] (out)                       0.75 f            3.89         3.14
out0[2] (out)                       0.75 f            3.89         3.14
out0[6] (out)                       0.75 f            3.89         3.14
out0[0] (out)                       0.75 f            3.89         3.14
out0[3] (out)                       0.74 f            3.89         3.15
out_w[7] (out)                      0.73 f            3.89         3.16
out_w[2] (out)                      0.73 f            3.89         3.16
out_w[1] (out)                      0.73 f            3.89         3.16
out_a[7] (out)                      0.73 f            3.89         3.16
out_a[6] (out)                      0.73 f            3.89         3.16
out_a[5] (out)                      0.73 f            3.89         3.16
out_a[4] (out)                      0.73 f            3.89         3.16
out_a[3] (out)                      0.73 f            3.89         3.16
out_a[2] (out)                      0.73 f            3.89         3.16
out_a[1] (out)                      0.73 f            3.89         3.16
out_a[0] (out)                      0.73 f            3.89         3.16
out_w[6] (out)                      0.73 f            3.89         3.16
out_w[5] (out)                      0.73 f            3.89         3.16
out_w[4] (out)                      0.73 f            3.89         3.16
out_w[3] (out)                      0.73 f            3.89         3.16
out_w[0] (out)                      0.73 f            3.89         3.16
out_f (out)                         0.72 f            3.89         3.17
out0[1] (out)                       0.71 r            3.89         3.18
out0[21] (out)                      0.42 f            3.89         3.47
out0[14] (out)                      0.32 f            3.89         3.57
out0[12] (out)                      0.31 f            3.89         3.58
out0[29] (out)                      0.30 f            3.89         3.59
out0[27] (out)                      0.30 f            3.89         3.59
out0[25] (out)                      0.30 f            3.89         3.59
out0[22] (out)                      0.30 f            3.89         3.59
out0[31] (out)                      0.30 f            3.89         3.59
out0[28] (out)                      0.30 f            3.89         3.59
out0[20] (out)                      0.30 f            3.89         3.59
out0[15] (out)                      0.30 f            3.89         3.59
out0[23] (out)                      0.30 f            3.89         3.59
out0[30] (out)                      0.30 f            3.89         3.59
out0[26] (out)                      0.30 f            3.89         3.59
out0[24] (out)                      0.30 f            3.89         3.59

1
