###############################################################
#  Generated by:      Cadence Innovus 19.10-p002_1
#  OS:                Linux x86_64(Host ID cadpc15)
#  Generated on:      Sat Apr  9 14:55:51 2022
#  Design:            PE
#  Command:           reportCritNet -outfile PE.critnet.rpt
###############################################################
FE_PSN287_n222
FE_PSN284_FE_OFN25_data_in_6
FE_PSN283_n110
FE_PSN281_n205
FE_PSN280_n555
FE_PDN279_weight_in_3
FE_PDN278_data_in_6
FE_RN_104_0
FE_RN_103_0
FE_RN_12
FE_RN_11
FE_RN_101_0
FE_RN_100_0
FE_RN_99_0
FE_RN_98_0
FE_RN_10
FE_OCPN271_n255
FE_RN_97_0
FE_OCPN177_weight_in_3
FE_RN_9
FE_RN_95_0
FE_RN_93_0
FE_RN_92_0
FE_RN_89_0
FE_RN_87_0
FE_RN_86_0
FE_RN_85_0
FE_RN_83_0
FE_RN_82_0
FE_RN_81_0
FE_RN_78_0
FE_RN_77_0
FE_RN_76_0
FE_RN_74_0
FE_RN_73_0
FE_RN_71_0
FE_RN_8
FE_RN_68_0
FE_RN_66_0
FE_RN_64_0
FE_RN_63_0
FE_RN_62_0
FE_RN_60_0
FE_RN_59_0
FE_RN_57_0
FE_RN_53_0
FE_RN_47_0
FE_RN_45_0
FE_RN_7
FE_RN_6
FE_RN_4
FE_RN_3
FE_RN_39_0
FE_RN_37_0
FE_RN_35_0
FE_RN_1
FE_OCPN175_n294
FE_OCPN174_n294
FE_OCPN170_n236
FE_RN_26_0
FE_RN_25_0
FE_RN_24_0
FE_RN_23_0
FE_RN_22_0
FE_RN_20_0
FE_RN_17_0
FE_RN_16_0
FE_RN_9_0
FE_RN_7_0
FE_RN_6_0
FE_RN_4_0
FE_RN_3_0
FE_RN_2_0
FE_RN_1_0
FE_RN_0_0
FE_OCPN169_n294
FE_OFN262_n294
FE_OFN261_data_in_2
FE_OFN260_data_in_4
FE_OFN259_weight_in_5
FE_OFN258_FE_DBTN0_n34
FE_OFN257_n294
FE_OFN256_n279
FE_OFN255_weight_in_7
FE_OFN168_n108
FE_OFN251_weight_in_3
FE_OFN250_data_in_0
FE_OFN249_n156
FE_OFN248_n294
FE_OFN247_weight_in_5
FE_OFN165_n
FE_OFN246_data_in_5
FE_OFN245_data_in_0
FE_OFN244_weight_in_1
FE_OFN243_weight_in_6
FE_OFN242_data_in_7
FE_OFN240_weight_in_7
FE_OFN238_weight_in_4
FE_OFN236_weight_in_3
FE_OFN235_weight_in_5
FE_OFN163_n294
FE_OFN161_n108
FE_OFN159_n
FE_OFN156_data_in_1
FE_OFN150_data_in_7
FE_OFN149_weight_in_0
FE_OFN142_weight_in_7
FE_OFN141_n279
FE_OFN139_n226
FE_OFN138_n226
FE_OFN131_n156
FE_OFN129_n108
FE_OFN125_n102
FE_OFN124_n102
FE_OFN123_n102
FE_OFN92_n294
FE_OFN39_data_in_0
FE_OFN35_data_in_1
FE_OFN33_data_in_2
FE_OFN28_data_in_4
FE_OFN27_data_in_5
FE_OFN25_data_in_6
FE_OFN17_weight_in_1
FE_OFN16_weight_in_1
FE_OFN15_weight_in_2
FE_OFN12_weight_in_3
FE_OFN11_weight_in_3
FE_OFN10_weight_in_3
FE_OFN9_weight_in_4
FE_OFN6_weight_in_5
FE_DBTN2_weight_in_5
weight_in[7]
weight_in[6]
weight_in[5]
weight_in[4]
weight_in[3]
weight_in[2]
weight_in[1]
weight_in[0]
data_in[7]
data_in[6]
data_in[5]
data_in[4]
data_in[2]
data_in[1]
data_in[0]
N45
N46
N47
N48
N49
N50
N51
N52
N53
N54
N55
N56
N57
N58
N59
N60
N61
N62
N63
N64
N65
N66
N67
N68
n35
n74
n75
n97
n98
n99
n101
n103
n104
n105
n106
n107
n108
n110
n113
n115
n116
n117
n119
n121
n122
n124
n125
n126
n127
n128
n129
n130
n131
n132
n133
n134
n135
n136
n137
n138
n139
n140
n141
n142
n143
n144
n145
n146
n147
n150
n151
n152
n156
n164
n166
n169
n173
n174
n175
n176
n177
n181
n183
n184
n185
n187
n188
n189
n190
n191
n192
n193
n194
n195
n196
n197
n198
n199
n201
n203
n205
n206
n208
n210
n211
n212
n213
n214
n215
n217
n219
n220
n221
n222
n223
n224
n226
n230
n231
n232
n233
n234
n236
n239
n240
n242
n243
n244
n246
n247
n248
n249
n250
n253
n254
n255
n257
n258
n259
n260
n261
n262
n263
n264
n265
n266
n267
n268
n269
n270
n271
n273
n275
n276
n277
n279
n280
n281
n282
n283
n284
n285
n286
n287
n288
n289
n290
n291
n292
n293
n294
n296
n298
n301
n303
n316
n317
n318
n332
n333
n335
n359
n364
n365
n367
n368
n369
n3701
n371
n372
n373
n383
n384
n389
n3901
n395
n396
n398
n399
n4001
n403
n404
n405
n408
n409
n4101
n412
n415
n416
n4201
n422
n424
n428
n437
n4401
n445
n452
n456
n4601
n468
n469
n471
n475
n477
n485
n487
n489
n495
n497
n526
n5301
n531
n532
n533
n534
n535
n536
n537
n5401
n543
n544
n545
n546
n549
n553
n554
n555
n556
n557
n5601
n562
n563
n565
n567
n569
n5701
n571
n573
n574
n578
n582
n583
n584
n588
n589
