###############################################################
#  Generated by:      Cadence Innovus 19.10-p002_1
#  OS:                Linux x86_64(Host ID cadpc15)
#  Generated on:      Sat Apr  9 14:55:26 2022
#  Design:            PE
#  Command:           report_timing -check_type hold -nworst 5 > "$design_name.hold.rpt"
###############################################################
Path 1: MET Hold Check with Pin weight_out_reg_0_/CK 
Endpoint:   weight_out_reg_0_/D (v) checked with  leading edge of 'clk'
Beginpoint: weight_in[0]        (v) triggered by  leading edge of 'clk'
Path Groups: {clk}
Analysis View: typical
Other End Arrival Time          0.000
+ Hold                         -0.062
+ Phase Shift                   0.000
- CPPR Adjustment               0.000
+ Uncertainty                   0.010
= Required Time                -0.052
  Arrival Time                  0.351
  Slack Time                    0.403
     Clock Rise Edge                      0.000
     + Input Delay                        0.100
     + Drive Adjustment                   0.035
     = Beginpoint Arrival Time            0.135
     +--------------------------------------------------------------------------------+ 
     |       Instance        |      Arc       |   Cell   | Delay | Arrival | Required | 
     |                       |                |          |       |  Time   |   Time   | 
     |-----------------------+----------------+----------+-------+---------+----------| 
     |                       | weight_in[0] v |          |       |   0.135 |   -0.268 | 
     | FE_OFC172_weight_in_0 | A v -> Y v     | BUFX3TS  | 0.215 |   0.350 |   -0.052 | 
     | weight_out_reg_0_     | D v            | DFFRXLTS | 0.001 |   0.351 |   -0.052 | 
     +--------------------------------------------------------------------------------+ 
Path 2: MET Hold Check with Pin weight_out_reg_2_/CK 
Endpoint:   weight_out_reg_2_/D (v) checked with  leading edge of 'clk'
Beginpoint: weight_in[2]        (v) triggered by  leading edge of 'clk'
Path Groups: {clk}
Analysis View: typical
Other End Arrival Time          0.000
+ Hold                         -0.067
+ Phase Shift                   0.000
- CPPR Adjustment               0.000
+ Uncertainty                   0.010
= Required Time                -0.057
  Arrival Time                  0.364
  Slack Time                    0.421
     Clock Rise Edge                      0.000
     + Input Delay                        0.100
     + Drive Adjustment                   0.037
     = Beginpoint Arrival Time            0.137
     +--------------------------------------------------------------------------------+ 
     |       Instance        |      Arc       |   Cell   | Delay | Arrival | Required | 
     |                       |                |          |       |  Time   |   Time   | 
     |-----------------------+----------------+----------+-------+---------+----------| 
     |                       | weight_in[2] v |          |       |   0.137 |   -0.284 | 
     | FE_OFC201_weight_in_2 | A v -> Y v     | BUFX3TS  | 0.226 |   0.363 |   -0.058 | 
     | weight_out_reg_2_     | D v            | DFFRXLTS | 0.001 |   0.364 |   -0.057 | 
     +--------------------------------------------------------------------------------+ 
Path 3: MET Hold Check with Pin weight_out_reg_6_/CK 
Endpoint:   weight_out_reg_6_/D (v) checked with  leading edge of 'clk'
Beginpoint: weight_in[6]        (v) triggered by  leading edge of 'clk'
Path Groups: {clk}
Analysis View: typical
Other End Arrival Time          0.000
+ Hold                         -0.083
+ Phase Shift                   0.000
- CPPR Adjustment               0.000
+ Uncertainty                   0.010
= Required Time                -0.073
  Arrival Time                  0.397
  Slack Time                    0.470
     Clock Rise Edge                      0.000
     + Input Delay                        0.100
     + Drive Adjustment                   0.036
     = Beginpoint Arrival Time            0.136
     +----------------------------------------------------------------------------------+ 
     |       Instance        |      Arc       |    Cell    | Delay | Arrival | Required | 
     |                       |                |            |       |  Time   |   Time   | 
     |-----------------------+----------------+------------+-------+---------+----------| 
     |                       | weight_in[6] v |            |       |   0.136 |   -0.334 | 
     | FE_OFC243_weight_in_6 | A v -> Y v     | CLKBUFX4TS | 0.259 |   0.396 |   -0.074 | 
     | weight_out_reg_6_     | D v            | DFFRXLTS   | 0.001 |   0.397 |   -0.073 | 
     +----------------------------------------------------------------------------------+ 
Path 4: MET Hold Check with Pin weight_out_reg_4_/CK 
Endpoint:   weight_out_reg_4_/D (v) checked with  leading edge of 'clk'
Beginpoint: weight_in[4]        (v) triggered by  leading edge of 'clk'
Path Groups: {clk}
Analysis View: typical
Other End Arrival Time          0.000
+ Hold                         -0.050
+ Phase Shift                   0.000
- CPPR Adjustment               0.000
+ Uncertainty                   0.010
= Required Time                -0.040
  Arrival Time                  0.498
  Slack Time                    0.538
     Clock Rise Edge                      0.000
     + Input Delay                        0.100
     + Drive Adjustment                   0.040
     = Beginpoint Arrival Time            0.140
     +--------------------------------------------------------------------------------+ 
     |       Instance        |      Arc       |   Cell   | Delay | Arrival | Required | 
     |                       |                |          |       |  Time   |   Time   | 
     |-----------------------+----------------+----------+-------+---------+----------| 
     |                       | weight_in[4] v |          |       |   0.140 |   -0.398 | 
     | FE_OFC238_weight_in_4 | A v -> Y v     | BUFX3TS  | 0.180 |   0.321 |   -0.217 | 
     | FE_OFC197_weight_in_4 | A v -> Y v     | BUFX12TS | 0.176 |   0.496 |   -0.042 | 
     | weight_out_reg_4_     | D v            | DFFRXLTS | 0.002 |   0.498 |   -0.040 | 
     +--------------------------------------------------------------------------------+ 
Path 5: MET Hold Check with Pin weight_out_reg_7_/CK 
Endpoint:   weight_out_reg_7_/D (v) checked with  leading edge of 'clk'
Beginpoint: weight_in[7]        (v) triggered by  leading edge of 'clk'
Path Groups: {clk}
Analysis View: typical
Other End Arrival Time          0.000
+ Hold                         -0.057
+ Phase Shift                   0.000
- CPPR Adjustment               0.000
+ Uncertainty                   0.010
= Required Time                -0.047
  Arrival Time                  0.564
  Slack Time                    0.611
     Clock Rise Edge                      0.000
     + Input Delay                        0.100
     + Drive Adjustment                   0.037
     = Beginpoint Arrival Time            0.137
     +--------------------------------------------------------------------------------+ 
     |       Instance        |      Arc       |   Cell   | Delay | Arrival | Required | 
     |                       |                |          |       |  Time   |   Time   | 
     |-----------------------+----------------+----------+-------+---------+----------| 
     |                       | weight_in[7] v |          |       |   0.137 |   -0.474 | 
     | FE_OFC240_weight_in_7 | A v -> Y v     | BUFX3TS  | 0.206 |   0.343 |   -0.268 | 
     | FE_OFC239_weight_in_7 | A v -> Y v     | BUFX3TS  | 0.221 |   0.564 |   -0.047 | 
     | weight_out_reg_7_     | D v            | DFFRXLTS | 0.000 |   0.564 |   -0.047 | 
     +--------------------------------------------------------------------------------+ 

