*----------------------------------------------------------------------------------------
*	Innovus 19.10-p002_1 (64bit) 04/19/2019 15:18 (Linux 2.6.32-431.11.2.el6.x86_64)
*	
*
* 	Date & Time:	2022-Apr-09 14:53:51 (2022-Apr-09 18:53:51 GMT)
*
*----------------------------------------------------------------------------------------
*
*	Design: PE
*
*	Liberty Libraries used: 
*	        typical: /courses/ee6321/share/ibm13rflpvt/synopsys/scx3_cmos8rf_lpvt_tt_1p2v_25c.lib
*
*	Power Domain used: 
*              Rail:        VDD      Voltage:        1.2 
*
*       Power View : typical
*
*       User-Defined Activity : N.A.
*
*       Activity File: N.A.
*
*       Hierarchical Global Activity: N.A.
*
*       Global Activity: N.A.
*
*       Sequential Element Activity: 0.200000
*
*       Primary Input Activity: 0.200000
*
*       Default icg ratio: N.A.
*
*       Global Comb ClockGate Ratio: N.A.
*
*	Power Units = 1mW
*
*	Time Units = 1e-09 secs 
*
*       report_power -outfile PE.power.rpt -leakage -cap -nworst -pg_pin
*
-----------------------------------------------------------------------------------------


Total Power 
-----------------------------------------------------------------------------------------
Total Leakage Power:         0.00001470 
-----------------------------------------------------------------------------------------


Group                           Leakage       Percentage 
                                Power         (%)        
-----------------------------------------------------------------------------------------
Sequential                     3.314e-06       22.55 
Macro                                  0           0 
IO                                     0           0 
Combinational                  1.138e-05       77.45 
Clock (Combinational)                  0           0 
Clock (Sequential)                     0           0 
-----------------------------------------------------------------------------------------
Total                           1.47e-05         100 
-----------------------------------------------------------------------------------------


Rail                  Voltage   Leakage       Percentage 
                                Power         (%)        
-----------------------------------------------------------------------------------------
VDD                       1.2   1.47e-05         100 


Capacitance Report
 Total Cap    Net Cap    Pin Cap  Net name
------------------------------------------
 1.767e-14  5.025e-15  1.264e-14  FE_PSN287_n222
 8.936e-15  2.837e-15  6.099e-15  FE_PSN286_n544
 6.642e-15  1.996e-15  4.646e-15  FE_PSN285_n565
 1.697e-14  7.053e-15  9.915e-15  FE_PSN284_FE_OFN25_data_in_6
 7.406e-15   2.09e-15  5.316e-15  FE_PSN283_n110
 1.672e-14  5.805e-15  1.091e-14  FE_PSN281_n205
 5.301e-15  1.514e-15  3.787e-15  FE_PSN280_n555
 8.625e-15  2.617e-15  6.008e-15  FE_PDN279_weight_in_3
 5.467e-15  1.341e-15  4.126e-15  FE_PDN278_data_in_6
 2.893e-14  1.228e-14  1.665e-14  FE_OCPN178_FE_OFN30_data_in_3
 5.031e-15   1.42e-15  3.611e-15  FE_RN_105_0
 8.973e-15  1.769e-15  7.204e-15  FE_RN_104_0
 8.803e-15  6.817e-16  8.121e-15  FE_RN_103_0
 3.834e-15  4.724e-17  3.787e-15  FE_RN_12
 1.511e-14  3.021e-15  1.209e-14  FE_RN_11
 1.019e-14      2e-15  8.187e-15  FE_RN_102_0
 3.508e-15  1.211e-15  2.297e-15  FE_RN_101_0
  5.42e-15  1.633e-15  3.787e-15  FE_RN_100_0
 1.364e-14  8.632e-16  1.277e-14  FE_RN_99_0
 1.398e-14  1.423e-15  1.255e-14  FE_RN_98_0
 8.933e-15  6.578e-15  2.355e-15  FE_RN_10
  3.14e-14  3.697e-15   2.77e-14  FE_OCPN271_n255
 8.683e-15  1.866e-16  8.496e-15  FE_RN_97_0
 3.979e-14  1.194e-14  2.785e-14  FE_OCPN177_weight_in_3
 1.726e-14  5.784e-15  1.147e-14  FE_RN_9
 5.762e-15  1.342e-15   4.42e-15  FE_RN_95_0
 3.406e-15    1.4e-15  2.006e-15  FE_RN_94_0
 1.007e-14  1.422e-15  8.653e-15  FE_RN_93_0
 7.106e-15  2.929e-15  4.177e-15  FE_RN_92_0
 7.383e-15  3.019e-15  4.364e-15  FE_RN_91_0
 1.175e-14  6.922e-15  4.828e-15  FE_RN_90_0
 6.549e-15  2.338e-15  4.211e-15  FE_RN_89_0
 6.367e-15  2.003e-15  4.364e-15  FE_RN_88_0
  5.93e-15   1.51e-15   4.42e-15  FE_RN_87_0
 5.837e-15  1.473e-15  4.364e-15  FE_RN_86_0
 5.613e-15  1.193e-15   4.42e-15  FE_RN_85_0
 5.243e-15  1.632e-15  3.611e-15  FE_RN_84_0
 1.387e-14  1.101e-15  1.277e-14  FE_RN_83_0
 1.569e-14  2.079e-15  1.361e-14  FE_RN_82_0
 8.255e-15  7.637e-16  7.491e-15  FE_RN_81_0
  4.55e-15  7.631e-16  3.787e-15  FE_RN_78_0
 5.901e-15  1.392e-15  4.509e-15  FE_RN_77_0
 1.164e-14   2.35e-15  9.287e-15  FE_RN_76_0
 5.206e-15  8.422e-16  4.364e-15  FE_RN_75_0
 1.124e-14  1.986e-15  9.255e-15  FE_RN_74_0
 3.847e-15  1.308e-15  2.539e-15  FE_RN_73_0
 5.552e-15  3.171e-15  2.381e-15  FE_RN_72_0
 3.108e-15  7.507e-16  2.357e-15  FE_RN_71_0
 6.235e-15  1.871e-15  4.364e-15  FE_RN_70_0
 6.397e-15  1.155e-15  5.242e-15  FE_RN_8
 4.018e-15  1.721e-15  2.297e-15  FE_RN_68_0
 7.034e-15  2.671e-15  4.363e-15  FE_RN_67_0
 5.106e-15  9.293e-16  4.177e-15  FE_RN_66_0
 3.725e-15  1.413e-15  2.312e-15  FE_RN_65_0
 4.628e-15  8.409e-16  3.787e-15  FE_RN_64_0
 3.118e-15   1.89e-15  1.228e-15  FE_RN_63_0
 9.288e-15  1.324e-15  7.964e-15  FE_RN_62_0
 7.932e-15  1.243e-15  6.689e-15  FE_RN_60_0
  5.12e-15  7.562e-16  4.364e-15  FE_RN_59_0
 3.837e-15  1.456e-15  2.381e-15  FE_RN_58_0
 3.267e-15  9.105e-16  2.357e-15  FE_RN_57_0
 5.706e-15  1.342e-15  4.364e-15  FE_RN_56_0
 3.232e-15  1.626e-15  1.606e-15  FE_RN_55_0
 3.662e-15  1.281e-15  2.381e-15  FE_RN_54_0
 4.171e-15  1.814e-15  2.357e-15  FE_RN_53_0
 5.193e-15  2.881e-15  2.312e-15  FE_RN_52_0
 2.451e-15  1.541e-16  2.297e-15  FE_RN_47_0
 3.106e-15  9.709e-16  2.135e-15  FE_RN_46_0
 4.765e-15  6.006e-16  4.164e-15  FE_RN_45_0
 3.775e-15  1.463e-15  2.312e-15  FE_RN_44_0
 5.691e-15    1.2e-15  4.491e-15  FE_RN_43_0
 3.015e-15  8.797e-16  2.135e-15  FE_RN_42_0
  3.61e-15  1.475e-15  2.135e-15  FE_RN_41_0
 1.202e-14  3.294e-15  8.728e-15  FE_RN_7
 1.793e-14  1.636e-15  1.629e-14  FE_RN_6
 3.399e-15  1.087e-15  2.312e-15  FE_RN_5
 6.958e-15  1.781e-15  5.177e-15  FE_RN_4
 1.175e-14  1.338e-15  1.041e-14  FE_RN_3
 3.904e-15  1.365e-15  2.539e-15  FE_RN_40_0
 3.701e-15  1.306e-15  2.395e-15  FE_RN_39_0
 8.117e-15  1.429e-15  6.689e-15  FE_RN_38_0
 3.975e-14  4.902e-15  3.484e-14  FE_RN_37_0
 3.229e-15  9.171e-16  2.312e-15  FE_RN_36_0
 3.044e-15  7.548e-16  2.289e-15  FE_RN_2
 2.359e-15  4.724e-17  2.312e-15  FE_RN_35_0
 3.279e-14  8.598e-15   2.42e-14  FE_RN_1
  3.01e-14  1.222e-14  1.788e-14  FE_OCPN175_n294
 3.106e-14  1.553e-14  1.553e-14  FE_OCPN174_n294
 1.033e-14  1.974e-15  8.354e-15  FE_OCPN173_n128
 1.058e-14  1.848e-15  8.728e-15  FE_OCPN170_n236
 1.016e-14  3.511e-15  6.652e-15  FE_RN_26_0
  1.01e-14  3.444e-15  6.652e-15  FE_RN_25_0
 9.249e-15  7.532e-16  8.496e-15  FE_RN_24_0
 3.853e-15  1.314e-15  2.539e-15  FE_RN_23_0
 4.174e-15  1.779e-15  2.395e-15  FE_RN_22_0
 7.959e-15  2.784e-15  5.175e-15  FE_RN_20_0
 4.881e-15   1.27e-15  3.611e-15  FE_RN_17_0
 5.036e-15  8.591e-16  4.177e-15  FE_RN_16_0
 6.824e-15  1.582e-15  5.242e-15  FE_RN_14_0
 9.974e-15  1.321e-15  8.653e-15  FE_RN_13_0
 2.005e-14  1.901e-15  1.815e-14  FE_RN_12_0
 3.378e-15  2.473e-15   9.05e-16  FE_RN_11_0
 4.026e-15  2.233e-15  1.793e-15  FE_RN_10_0
 9.033e-15  1.829e-15  7.204e-15  FE_RN_9_0
 1.105e-14  1.969e-15  9.084e-15  FE_RN_8_0
 9.782e-15  7.245e-16  9.058e-15  FE_RN_7_0
  9.94e-15  1.194e-15  8.746e-15  FE_RN_6_0
 5.609e-15  1.295e-15  4.314e-15  FE_RN_5_0
 6.496e-15  1.704e-15  4.792e-15  FE_RN_4_0
 5.494e-15  1.889e-16  5.305e-15  FE_RN_3_0
  9.54e-15  2.336e-15  7.204e-15  FE_RN_2_0
 8.384e-15   2.25e-15  6.134e-15  FE_RN_1_0
  6.84e-15  4.724e-17  6.793e-15  FE_RN_0_0
 3.212e-14  9.403e-15  2.271e-14  FE_OCPN169_n294
 6.577e-14   1.73e-14  4.847e-14  FE_OFN262_n294
  2.49e-14  8.617e-15  1.628e-14  FE_OFN261_data_in_2
 3.678e-14  1.974e-14  1.704e-14  FE_OFN260_data_in_4
 3.559e-14  6.934e-15  2.865e-14  FE_OFN259_weight_in_5
  2.02e-14  7.604e-15  1.259e-14  FE_OFN258_FE_DBTN0_n34
 4.008e-14  8.031e-15  3.205e-14  FE_OFN257_n294
 1.986e-14  4.243e-15  1.561e-14  FE_OFN256_n279
 1.396e-14  2.472e-15  1.149e-14  FE_OFN255_weight_in_7
 2.428e-14  4.664e-15  1.961e-14  FE_OFN168_n108
  3.28e-14  2.963e-15  2.984e-14  FE_OFN251_weight_in_3
 2.223e-14  1.041e-14  1.181e-14  FE_OFN250_data_in_0
 1.941e-14  3.877e-15  1.553e-14  FE_OFN249_n156
 2.109e-14  7.464e-16  2.034e-14  FE_OFN248_n294
 2.871e-14  8.459e-15  2.025e-14  FE_OFN247_weight_in_5
 9.068e-15   2.57e-15  6.498e-15  FE_OFN167_n
 2.048e-14   9.81e-15  1.067e-14  FE_OFN166_n
 1.063e-14  2.264e-15  8.363e-15  FE_OFN165_n
 3.349e-14  1.633e-14  1.715e-14  FE_OFN246_data_in_5
 1.745e-14  8.495e-15  8.957e-15  FE_OFN245_data_in_0
 2.631e-14  1.071e-14  1.559e-14  FE_OFN244_weight_in_1
 2.824e-14  1.528e-14  1.296e-14  FE_OFN243_weight_in_6
 2.447e-14  1.132e-14  1.315e-14  FE_OFN242_data_in_7
 2.037e-14  9.089e-15  1.128e-14  FE_OFN240_weight_in_7
 1.699e-14  1.254e-14  4.446e-15  FE_OFN239_fire_in
 9.048e-15  1.154e-15  7.894e-15  FE_OFN238_weight_in_4
 8.976e-15  1.485e-15  7.491e-15  FE_OFN236_weight_in_3
 1.147e-14  1.301e-15  1.017e-14  FE_OFN235_weight_in_5
  2.15e-14  2.988e-15  1.851e-14  FE_OFN163_n294
 1.419e-14  1.499e-15  1.269e-14  FE_OFN161_n108
 2.624e-14  5.888e-15  2.035e-14  FE_OFN159_n
 2.036e-14  4.296e-15  1.607e-14  FE_OFN158_rst_n
 1.626e-14  7.623e-15  8.641e-15  FE_OFN157_data_in_0
 1.121e-14  6.023e-15  5.192e-15  FE_OFN156_data_in_1
 1.468e-14  8.888e-15  5.788e-15  FE_OFN150_data_in_7
 6.401e-14  1.653e-14  4.748e-14  FE_OFN149_weight_in_0
 3.223e-14  8.153e-15  2.408e-14  FE_OFN142_weight_in_7
 2.449e-14  4.664e-15  1.983e-14  FE_OFN141_n279
 3.126e-14  6.147e-15  2.511e-14  FE_OFN139_n226
 2.598e-14  4.046e-15  2.193e-14  FE_OFN138_n226
 2.907e-14  1.097e-14   1.81e-14  FE_OFN131_n156
 2.545e-14  4.546e-15  2.091e-14  FE_OFN130_n156
 2.532e-14  6.213e-15   1.91e-14  FE_OFN129_n108
 2.303e-14  3.468e-15  1.956e-14  FE_OFN125_n102
 1.693e-14  3.458e-15  1.347e-14  FE_OFN124_n102
 2.878e-14  4.196e-15  2.458e-14  FE_OFN123_n102
 2.082e-14  5.916e-15   1.49e-14  FE_OFN122_FE_DBTN1_fire_in
 2.995e-14  1.098e-14  1.897e-14  FE_OFN121_FE_DBTN1_fire_in
 6.435e-15   2.75e-15  3.685e-15  FE_OFN120_FE_DBTN1_fire_in
 8.136e-15  5.621e-16  7.574e-15  FE_OFN119_FE_DBTN1_fire_in
 1.488e-14  7.542e-15  7.336e-15  FE_OFN118_FE_DBTN1_fire_in
 5.175e-15  1.626e-15  3.549e-15  FE_OFN117_FE_DBTN1_fire_in
 1.027e-14  5.096e-15  5.173e-15  FE_OFN116_FE_DBTN1_fire_in
 5.612e-15  1.524e-15  4.088e-15  FE_OFN115_FE_DBTN1_fire_in
 1.789e-14  7.245e-15  1.064e-14  FE_OFN114_FE_DBTN1_fire_in
 9.991e-15  3.936e-15  6.055e-15  FE_OFN113_FE_DBTN1_fire_in
 1.269e-14  4.513e-15  8.176e-15  FE_OFN112_FE_DBTN1_fire_in
 2.122e-14  6.972e-15  1.425e-14  FE_OFN111_FE_DBTN1_fire_in
 1.855e-14   1.07e-14  7.849e-15  FE_OFN110_FE_DBTN1_fire_in
  1.48e-14  6.444e-15  8.352e-15  FE_OFN109_FE_DBTN1_fire_in
 1.155e-14  3.973e-15  7.574e-15  FE_OFN108_FE_DBTN1_fire_in
 5.787e-15  2.088e-15  3.699e-15  FE_OFN107_FE_DBTN1_fire_in
 1.362e-14  4.385e-15   9.23e-15  FE_OFN106_FE_DBTN1_fire_in
  2.82e-14  4.016e-15  2.418e-14  FE_OFN105_FE_DBTN1_fire_in
 1.039e-14  5.214e-15  5.173e-15  FE_OFN104_FE_DBTN1_fire_in
  9.65e-15  5.209e-15  4.441e-15  FE_OFN103_FE_DBTN1_fire_in
 1.006e-14  4.009e-15  6.051e-15  FE_OFN102_FE_DBTN1_fire_in
 7.625e-15  4.076e-15  3.549e-15  FE_OFN101_FE_DBTN1_fire_in
 1.369e-14  3.937e-15  9.757e-15  FE_OFN100_FE_DBTN1_fire_in
 8.455e-15  2.841e-15  5.614e-15  FE_OFN99_FE_DBTN1_fire_in
 7.022e-15  2.591e-15  4.431e-15  FE_OFN98_FE_DBTN1_fire_in
 2.355e-14  6.657e-15  1.689e-14  FE_OFN97_FE_DBTN1_fire_in
 2.196e-14  3.455e-15  1.851e-14  FE_OFN92_n294
 9.879e-15  4.235e-15  5.644e-15  FE_OFN89_fire_in
 4.444e-15  1.409e-15  3.035e-15  FE_OFN88_fire_in
 7.927e-15  3.694e-15  4.233e-15  FE_OFN87_fire_in
 9.298e-15  1.724e-15  7.574e-15  FE_OFN86_fire_in
 1.168e-14  3.663e-15   8.02e-15  FE_OFN85_fire_in
 1.049e-14  4.629e-15  5.857e-15  FE_OFN84_fire_in
 9.895e-15  4.038e-15  5.857e-15  FE_OFN83_fire_in
 1.079e-14  5.652e-15  5.137e-15  FE_OFN82_fire_in
 7.106e-15  2.873e-15  4.233e-15  FE_OFN81_fire_in
 1.054e-14  4.682e-15  5.857e-15  FE_OFN80_fire_in
 1.013e-14  2.555e-15  7.574e-15  FE_OFN79_fire_in
 1.239e-14  2.698e-15  9.688e-15  FE_OFN78_fire_in
  1.14e-14  3.168e-15  8.233e-15  FE_OFN77_fire_in
 2.392e-14  8.192e-15  1.573e-14  FE_OFN75_rst_n
 1.924e-14  7.593e-15  1.165e-14  FE_OFN74_rst_n
  1.03e-14  3.202e-15  7.094e-15  FE_OFN73_rst_n
 8.768e-15  1.194e-15  7.574e-15  FE_OFN72_rst_n
 2.064e-14  4.327e-15  1.632e-14  FE_OFN71_rst_n
 1.596e-14  4.016e-15  1.195e-14  FE_OFN70_rst_n
 1.737e-14   5.09e-15  1.228e-14  FE_OFN69_rst_n
  2.55e-14  7.938e-15  1.756e-14  FE_OFN68_rst_n
 1.866e-14  3.409e-15  1.525e-14  FE_OFN67_rst_n
 2.007e-14  6.191e-15  1.388e-14  FE_OFN66_rst_n
 1.724e-14  5.818e-15  1.142e-14  FE_OFN65_rst_n
 8.441e-15  1.678e-15  6.763e-15  FE_OFN64_rst_n
 1.749e-14  3.631e-15  1.386e-14  FE_OFN63_rst_n
 2.163e-14  5.799e-15  1.583e-14  FE_OFN62_rst_n
  1.94e-14  3.893e-15   1.55e-14  FE_OFN61_rst_n
 1.984e-14  5.098e-15  1.474e-14  FE_OFN60_rst_n
 2.193e-14  8.153e-15  1.378e-14  FE_OFN59_rst_n
 2.445e-14  8.221e-15  1.623e-14  FE_OFN58_rst_n
 1.067e-14  2.517e-15  8.158e-15  FE_OFN57_rst_n
 1.904e-14  4.306e-15  1.474e-14  FE_OFN56_rst_n
 1.569e-14  4.285e-15  1.141e-14  FE_OFN55_rst_n
  1.11e-14    1.5e-15  9.598e-15  FE_OFN54_rst_n
 2.032e-14  6.347e-15  1.397e-14  FE_OFN53_rst_n
 1.676e-14  4.816e-15  1.195e-14  FE_OFN52_rst_n
 1.838e-14  4.236e-15  1.414e-14  FE_OFN51_rst_n
 1.509e-14  2.575e-15  1.251e-14  FE_OFN50_rst_n
 1.671e-14  4.479e-15  1.223e-14  FE_OFN49_rst_n
 1.394e-14  3.281e-15  1.066e-14  FE_OFN48_rst_n
 1.953e-14  5.383e-15  1.414e-14  FE_OFN47_rst_n
 1.523e-14  2.709e-15  1.252e-14  FE_OFN46_rst_n
 1.864e-14  4.775e-15  1.386e-14  FE_OFN45_rst_n
 1.002e-14  2.442e-15  7.574e-15  FE_OFN44_rst_n
 2.256e-14  7.231e-15  1.533e-14  FE_OFN43_rst_n
 4.601e-15  2.977e-15  1.624e-15  FE_OFN41_data_out_0
 2.178e-14  7.444e-15  1.434e-14  FE_OFN39_data_in_0
  3.69e-14   1.26e-14   2.43e-14  FE_OFN35_data_in_1
 2.165e-14  7.558e-15  1.409e-14  FE_OFN33_data_in_2
 1.724e-14  4.458e-15  1.278e-14  FE_OFN30_data_in_3
 1.598e-14  5.086e-15  1.089e-14  FE_OFN28_data_in_4
 1.684e-14  8.449e-15  8.395e-15  FE_OFN27_data_in_5
 2.917e-14  1.639e-14  1.278e-14  FE_OFN25_data_in_6
  1.71e-14  7.106e-15  9.995e-15  FE_OFN19_weight_in_1
 4.684e-14  8.124e-15  3.871e-14  FE_OFN17_weight_in_1
 1.674e-14  3.163e-15  1.358e-14  FE_OFN16_weight_in_1
 2.916e-14  1.187e-14  1.729e-14  FE_OFN15_weight_in_2
 2.179e-14  9.967e-15  1.182e-14  FE_OFN12_weight_in_3
 4.033e-14  1.343e-14  2.689e-14  FE_OFN11_weight_in_3
 2.754e-14  6.874e-15  2.066e-14  FE_OFN10_weight_in_3
 5.694e-14  1.741e-14  3.953e-14  FE_OFN9_weight_in_4
 2.255e-14  3.013e-15  1.954e-14  FE_OFN6_weight_in_5
 2.506e-14  5.877e-15  1.918e-14  FE_DBTN2_weight_in_5
 9.839e-15  3.784e-15  6.055e-15  FE_DBTN1_fire_in
 2.059e-14  8.472e-15  1.212e-14  FE_DBTN0_n34
 3.883e-15  1.381e-15  2.502e-15  weight_in[7]
 3.789e-15  1.545e-15  2.244e-15  weight_in[6]
 4.378e-15  1.876e-15  2.502e-15  weight_in[5]
 4.333e-15  1.831e-15  2.502e-15  weight_in[4]
 4.714e-15  2.881e-15  1.833e-15  weight_in[3]
 3.921e-15  1.419e-15  2.502e-15  weight_in[2]
 4.338e-15  1.323e-15  3.015e-15  weight_in[1]
 3.842e-15   1.34e-15  2.502e-15  weight_in[0]
 3.295e-15  1.462e-15  1.833e-15  data_in[7]
 4.268e-15  2.644e-15  1.624e-15  data_in[6]
 4.053e-15  2.429e-15  1.624e-15  data_in[5]
 4.327e-15  2.703e-15  1.624e-15  data_in[4]
 3.013e-15  1.389e-15  1.624e-15  data_in[3]
 3.327e-15  1.527e-15    1.8e-15  data_in[2]
 3.873e-15  1.371e-15  2.502e-15  data_in[1]
 3.713e-15  1.469e-15  2.244e-15  data_in[0]
  7.71e-15   7.71e-15          0  weight_out[7]
 6.966e-15  6.966e-15          0  weight_out[6]
  8.52e-15   8.52e-15          0  weight_out[5]
 7.497e-15  7.497e-15          0  weight_out[4]
 6.759e-15  6.759e-15          0  weight_out[3]
 6.343e-15  6.343e-15          0  weight_out[2]
  7.75e-15   7.75e-15          0  weight_out[1]
 6.758e-15  6.758e-15          0  weight_out[0]
 1.287e-14  1.287e-14          0  data_out[7]
 1.382e-14  1.382e-14          0  data_out[6]
 1.224e-14  1.224e-14          0  data_out[5]
 1.193e-14  1.193e-14          0  data_out[4]
 1.814e-14  1.814e-14          0  data_out[3]
 1.767e-14  1.767e-14          0  data_out[2]
 1.768e-14  1.768e-14          0  data_out[1]
 1.766e-14  1.766e-14          0  data_out[0]
 1.013e-14   8.86e-15  1.266e-15  result[31]
 9.058e-15  7.792e-15  1.266e-15  result[30]
 9.208e-15  7.942e-15  1.266e-15  result[29]
 9.342e-15  8.076e-15  1.266e-15  result[28]
 1.101e-14  9.739e-15  1.266e-15  result[27]
  1.29e-14  1.163e-14  1.266e-15  result[26]
 1.176e-14   1.05e-14  1.266e-15  result[25]
  1.09e-14  9.629e-15  1.266e-15  result[24]
 1.215e-14  1.089e-14  1.266e-15  result[23]
 1.235e-14  1.108e-14  1.266e-15  result[22]
  1.14e-14  1.013e-14  1.266e-15  result[21]
 1.255e-14  1.129e-14  1.266e-15  result[20]
 1.051e-14  9.239e-15  1.266e-15  result[19]
 1.132e-14  1.005e-14  1.266e-15  result[18]
 9.873e-15  8.607e-15  1.266e-15  result[17]
 8.504e-15  7.238e-15  1.266e-15  result[16]
  8.31e-15  7.044e-15  1.266e-15  result[15]
 1.068e-14  9.418e-15  1.266e-15  result[14]
 1.057e-14  9.302e-15  1.266e-15  result[13]
 9.623e-15  8.357e-15  1.266e-15  result[12]
 9.675e-15  8.409e-15  1.266e-15  result[11]
 9.076e-15   7.81e-15  1.266e-15  result[10]
 9.764e-15  8.498e-15  1.266e-15  result[9]
 1.169e-14  1.043e-14  1.266e-15  result[8]
 1.184e-14  1.057e-14  1.266e-15  result[7]
 1.204e-14  1.077e-14  1.266e-15  result[6]
 1.177e-14   1.05e-14  1.266e-15  result[5]
  1.18e-14  1.054e-14  1.266e-15  result[4]
  1.09e-14  9.635e-15  1.266e-15  result[3]
 9.829e-15  8.563e-15  1.266e-15  result[2]
 9.145e-15  7.879e-15  1.266e-15  result[1]
 9.696e-15   8.43e-15  1.266e-15  result[0]
         0 -1.794e-13  1.794e-13  clk
 3.104e-15   1.48e-15  1.624e-15  rst_n
 3.982e-15   1.48e-15  2.502e-15  fire_in
 7.956e-15  7.956e-15          0  fire_out
 1.497e-15  5.932e-16   9.04e-16  N37
 2.653e-15  1.749e-15   9.04e-16  N38
 2.863e-15  1.959e-15   9.04e-16  N39
 3.172e-15  1.829e-15  1.343e-15  N40
 9.952e-16  9.118e-17   9.04e-16  N41
 1.306e-15  4.017e-16   9.04e-16  N42
 1.594e-15  6.896e-16   9.04e-16  N43
 2.817e-15  1.315e-15  1.502e-15  N44
 2.319e-15   1.39e-15   9.29e-16  N45
 3.315e-15  1.813e-15  1.502e-15  N46
 3.357e-15  2.453e-15   9.04e-16  N47
 1.412e-15  5.077e-16   9.04e-16  N48
 1.207e-15  3.033e-16   9.04e-16  N49
 5.648e-15  4.744e-15   9.04e-16  N50
 3.886e-15  2.384e-15  1.502e-15  N51
 5.012e-15  2.822e-15   2.19e-15  N52
 2.972e-15   1.47e-15  1.502e-15  N53
 2.463e-15  9.613e-16  1.502e-15  N54
 3.541e-15  1.351e-15   2.19e-15  N55
 2.413e-15  9.108e-16  1.502e-15  N56
 3.646e-15  2.144e-15  1.502e-15  N57
 4.046e-15  1.856e-15   2.19e-15  N58
 3.456e-15  1.266e-15   2.19e-15  N59
 3.093e-15  1.591e-15  1.502e-15  N60
 2.126e-15  6.242e-16  1.502e-15  N61
 2.277e-15  7.751e-16  1.502e-15  N62
 3.394e-15  1.892e-15  1.502e-15  N63
 4.296e-15  2.794e-15  1.502e-15  N64
 4.477e-15  2.975e-15  1.502e-15  N65
 4.022e-15   2.52e-15  1.502e-15  N66
 2.844e-15  1.342e-15  1.502e-15  N67
 2.809e-15  1.307e-15  1.502e-15  N68
 1.007e-14  5.562e-15  4.509e-15  n35
 3.058e-14  4.689e-15   2.59e-14  n74
 2.466e-14  7.928e-15  1.673e-14  n75
 1.063e-14  3.281e-15  7.347e-15  n85
  1.18e-14  2.791e-15  9.011e-15  n86
 1.129e-14   2.28e-15  9.011e-15  n87
 6.701e-15  3.446e-15  3.255e-15  n88
 5.549e-15  1.501e-15  4.048e-15  n89
 1.004e-14   1.03e-15  9.011e-15  n90
 9.856e-15  8.454e-16  9.011e-15  n91
 5.414e-15  2.159e-15  3.255e-15  n92
 1.075e-14   1.74e-15  9.011e-15  n93
 4.109e-15  8.545e-16  3.255e-15  n94
 1.148e-14  2.468e-15  9.011e-15  n95
 1.039e-14  1.384e-15  9.011e-15  n96
   1.7e-14  4.237e-15  1.276e-14  n97
 9.357e-15  8.606e-16  8.496e-15  n98
 9.775e-15  1.279e-15  8.496e-15  n99
 6.694e-15  1.628e-15  5.066e-15  n100
 4.173e-14  4.443e-15  3.729e-14  n101
 6.942e-15  2.731e-15  4.211e-15  n103
 6.147e-15  1.237e-15   4.91e-15  n104
 4.466e-15  8.549e-16  3.611e-15  n105
 1.306e-14  2.933e-15  1.012e-14  n106
 8.344e-15    1.4e-15  6.944e-15  n107
 2.485e-14  4.575e-15  2.028e-14  n108
 9.245e-15  3.112e-15  6.133e-15  n110
 8.407e-15  1.571e-15  6.836e-15  n111
 8.271e-15  1.469e-15  6.802e-15  n112
 1.465e-14  7.227e-15  7.425e-15  n113
 1.732e-14  2.484e-15  1.484e-14  n115
 1.352e-14  3.395e-15  1.012e-14  n116
 1.115e-14  1.631e-15   9.52e-15  n117
 1.403e-14  2.839e-15  1.119e-14  n119
 1.616e-14  6.141e-15  1.002e-14  n121
 1.426e-14  2.893e-15  1.137e-14  n122
 6.257e-15  2.344e-15  3.913e-15  n124
 1.896e-14  4.092e-15  1.487e-14  n125
 8.764e-15  1.904e-15   6.86e-15  n126
 8.957e-15  1.753e-15  7.204e-15  n127
 1.708e-14  5.567e-15  1.151e-14  n128
 8.981e-15  4.472e-15  4.509e-15  n129
 2.624e-14  6.015e-15  2.023e-14  n130
 1.142e-14  1.452e-15  9.969e-15  n131
 1.163e-14  3.605e-15   8.02e-15  n132
 7.008e-15  3.095e-15  3.913e-15  n133
 1.526e-14  3.928e-16  1.487e-14  n134
  1.27e-14  5.836e-15   6.86e-15  n135
 4.982e-15  1.069e-15  3.913e-15  n136
 1.748e-14   2.61e-15  1.487e-14  n137
 1.262e-14  5.764e-15   6.86e-15  n138
 8.491e-15  4.578e-15  3.913e-15  n139
 2.062e-14  5.752e-15  1.487e-14  n140
 8.973e-15  2.113e-15   6.86e-15  n141
 8.367e-15  1.576e-15  6.791e-15  n142
 2.415e-14  5.175e-15  1.897e-14  n143
 1.016e-14  2.818e-15  7.347e-15  n144
 3.169e-14  3.989e-15   2.77e-14  n145
 1.396e-14  1.315e-15  1.264e-14  n146
 9.733e-15  4.429e-15  5.304e-15  n147
 3.747e-15  1.336e-15  2.411e-15  n148
  1.56e-14  3.128e-15  1.247e-14  n150
 1.909e-14  3.981e-15  1.511e-14  n151
 5.576e-15  2.154e-15  3.422e-15  n152
 3.215e-15  9.261e-16  2.289e-15  n153
 9.649e-15  2.975e-15  6.674e-15  n154
 8.589e-15  1.791e-15  6.798e-15  n155
 1.948e-14  2.851e-15  1.663e-14  n156
 1.341e-14   3.46e-15  9.948e-15  n157
 6.247e-15  1.109e-15  5.138e-15  n158
 1.064e-14  2.638e-15  8.002e-15  n160
 1.122e-14  4.069e-15  7.153e-15  n161
 9.659e-15  8.281e-16  8.831e-15  n162
 1.464e-14  2.414e-15  1.222e-14  n164
 3.619e-15  1.003e-15  2.616e-15  n165
 2.278e-14  1.506e-14  7.724e-15  n166
 9.708e-15  4.388e-15   5.32e-15  n167
 1.046e-14  2.781e-15  7.682e-15  n168
 9.821e-15   3.03e-15  6.791e-15  n169
 1.331e-14  1.805e-15  1.151e-14  n170
 1.916e-14  5.815e-15  1.335e-14  n171
 1.494e-14  2.404e-15  1.254e-14  n172
 1.515e-14   1.82e-15  1.333e-14  n173
 6.279e-15  2.366e-15  3.913e-15  n174
 1.788e-14  3.004e-15  1.487e-14  n175
 1.591e-14  9.053e-15   6.86e-15  n176
 6.539e-15  2.626e-15  3.913e-15  n177
 1.647e-14  1.593e-15  1.487e-14  n178
 7.897e-15  1.037e-15   6.86e-15  n179
 9.013e-15   8.26e-16  8.187e-15  n180
 9.848e-15  2.033e-15  7.815e-15  n181
 1.234e-14  4.188e-15  8.151e-15  n182
 9.059e-15   2.28e-16  8.831e-15  n183
 1.756e-14  6.304e-15  1.126e-14  n184
 4.493e-14  2.354e-15  4.257e-14  n185
 2.797e-14   8.47e-15  1.951e-14  n186
 1.363e-14  4.644e-15  8.986e-15  n187
 1.345e-14  4.362e-15  9.087e-15  n188
 8.862e-15  1.377e-15  7.485e-15  n189
 1.056e-14  1.906e-15  8.653e-15  n190
 1.025e-14   1.24e-15  9.006e-15  n191
 1.791e-14  4.394e-15  1.352e-14  n192
 1.793e-14  5.578e-15  1.235e-14  n193
  1.73e-14  4.764e-15  1.254e-14  n194
 1.928e-14  5.947e-15  1.333e-14  n195
 3.881e-15  9.446e-17  3.787e-15  n196
 5.761e-15  1.397e-15  4.364e-15  n197
 9.871e-15  2.524e-15  7.347e-15  n198
 2.935e-14  1.646e-15   2.77e-14  n199
 1.519e-14  2.541e-15  1.264e-14  n200
 1.071e-14  3.361e-15  7.347e-15  n201
 2.988e-14   2.18e-15   2.77e-14  n202
 1.567e-14  3.027e-15  1.264e-14  n203
  9.74e-15  2.687e-15  7.053e-15  n204
 4.777e-15  9.446e-17  4.683e-15  n205
  1.83e-14  3.353e-15  1.494e-14  n206
 1.701e-14   4.63e-15  1.238e-14  n207
 1.428e-14  3.093e-15  1.118e-14  n208
 5.113e-15  9.359e-16  4.177e-15  n209
 5.303e-15  9.386e-16  4.364e-15  n210
 4.855e-15  1.244e-15  3.611e-15  n211
 1.626e-14  5.389e-15  1.087e-14  n212
 2.265e-14  8.366e-15  1.429e-14  n213
 9.123e-15  1.776e-15  7.347e-15  n214
 2.935e-14  1.648e-15   2.77e-14  n215
 1.619e-14  3.549e-15  1.264e-14  n216
 1.062e-14  3.271e-15  7.347e-15  n217
 2.899e-14  1.284e-15   2.77e-14  n218
 1.617e-14  3.527e-15  1.264e-14  n219
 8.119e-15  7.717e-16  7.347e-15  n220
 2.987e-14  2.168e-15   2.77e-14  n221
 7.502e-15  2.819e-15  4.683e-15  n222
 1.836e-14   5.49e-15  1.287e-14  n223
 1.553e-14  1.482e-15  1.404e-14  n224
 2.069e-14  7.306e-15  1.338e-14  n226
 1.755e-14  2.606e-15  1.494e-14  n228
  2.04e-14  2.754e-15  1.765e-14  n230
 2.271e-14  1.976e-15  2.074e-14  n231
 2.532e-14  3.132e-15  2.218e-14  n232
 9.791e-15  2.444e-15  7.347e-15  n233
 2.949e-14  1.783e-15   2.77e-14  n234
 1.563e-14   2.98e-15  1.264e-14  n235
 1.227e-14  2.568e-15  9.706e-15  n236
 1.803e-14  5.646e-15  1.238e-14  n237
 2.293e-14  3.443e-15  1.949e-14  n239
 5.919e-15  2.006e-15  3.913e-15  n240
 2.301e-14  8.135e-15  1.487e-14  n241
 8.444e-15  1.584e-15   6.86e-15  n242
 2.383e-14   4.03e-15   1.98e-14  n243
 2.444e-14  2.217e-15  2.222e-14  n244
 1.076e-14  1.745e-15  9.011e-15  n245
 9.485e-15  2.281e-15  7.204e-15  n246
 5.055e-15  2.758e-15  2.297e-15  n247
 1.455e-14  7.205e-15  7.347e-15  n248
 3.331e-14  5.603e-15   2.77e-14  n249
 1.471e-14  2.061e-15  1.264e-14  n250
 1.593e-14  4.372e-15  1.156e-14  n251
  1.57e-14  3.543e-15  1.215e-14  n253
 1.765e-14  2.419e-15  1.523e-14  n254
  7.36e-15  2.677e-15  4.683e-15  n255
   1.5e-14  2.356e-15  1.264e-14  n256
 6.965e-15  2.387e-15  4.578e-15  n257
 2.148e-14    9.3e-15  1.218e-14  n258
 1.584e-14  4.225e-15  1.161e-14  n259
 3.084e-15  6.753e-16  2.409e-15  n260
 5.628e-15  1.417e-15  4.211e-15  n261
 1.121e-14  2.019e-15   9.19e-15  n262
 5.369e-15  8.487e-16   4.52e-15  n263
 5.231e-15  7.582e-16  4.473e-15  n264
  6.59e-15  2.677e-15  3.913e-15  n265
 1.657e-14  1.698e-15  1.487e-14  n266
 1.184e-14  4.977e-15   6.86e-15  n267
 1.146e-14  3.792e-15  7.666e-15  n268
 5.752e-15  1.839e-15  3.913e-15  n269
 8.215e-15  2.673e-15  5.542e-15  n270
 9.647e-15  3.936e-15  5.711e-15  n271
 1.072e-14  1.828e-15  8.895e-15  n272
 1.004e-14  2.547e-15  7.491e-15  n273
 6.279e-15  2.274e-15  4.005e-15  n275
 4.135e-15  4.632e-17  4.089e-15  n276
 6.165e-15  1.434e-15  4.731e-15  n277
 2.248e-14  8.095e-15  1.438e-14  n279
  7.59e-15  3.585e-15  4.005e-15  n280
 1.809e-14  5.809e-15  1.228e-14  n281
  7.57e-15  1.471e-15  6.099e-15  n282
 9.718e-15  8.875e-16  8.831e-15  n283
  2.76e-14  3.469e-15  2.413e-14  n284
 1.399e-14  2.376e-15  1.161e-14  n285
 1.001e-14  1.353e-15  8.653e-15  n286
 1.918e-14  1.357e-15  1.783e-14  n287
 1.044e-14  1.605e-15  8.831e-15  n288
  1.92e-14  1.789e-15  1.741e-14  n289
 2.153e-14  5.451e-15  1.607e-14  n290
 9.325e-15   6.72e-16  8.653e-15  n291
 1.111e-14    2.1e-15  9.006e-15  n292
 3.272e-14  1.254e-14  2.017e-14  n293
 2.389e-14  3.457e-15  2.043e-14  n294
 9.515e-15  7.888e-16  8.726e-15  n295
 1.161e-14  2.928e-15  8.686e-15  n296
 1.025e-14  1.524e-15  8.726e-15  n297
 1.044e-14  1.757e-15  8.686e-15  n298
 6.919e-15   2.08e-15  4.839e-15  n299
 1.546e-14  3.552e-15  1.191e-14  n300
 1.325e-14  3.829e-15  9.419e-15  n301
  1.02e-14  1.761e-15  8.436e-15  n303
 9.837e-15  5.259e-15  4.578e-15  n304
 7.541e-15  3.239e-15  4.302e-15  n305
 3.287e-15  9.309e-16  2.356e-15  n306
 3.506e-15  1.153e-15  2.353e-15  n307
 6.223e-15  1.384e-15  4.839e-15  n308
 5.165e-15  1.367e-15  3.798e-15  n309
 3.398e-15  1.042e-15  2.356e-15  n310
 2.404e-15  5.134e-17  2.353e-15  n311
 3.443e-15  1.086e-15  2.357e-15  n312
 7.667e-15  3.018e-15  4.649e-15  n313
 7.216e-15  2.696e-15   4.52e-15  n314
 1.371e-14  4.877e-15  8.837e-15  n315
 5.276e-15  9.896e-17  5.177e-15  n316
 9.901e-15  1.248e-15  8.653e-15  n317
 1.557e-14  1.551e-15  1.402e-14  n318
 6.929e-15   2.09e-15  4.839e-15  n319
 7.262e-15   2.96e-15  4.302e-15  n320
 6.032e-15  3.676e-15  2.356e-15  n321
 4.253e-15    1.9e-15  2.353e-15  n322
 6.175e-15  1.336e-15  4.839e-15  n323
 6.051e-15  1.749e-15  4.302e-15  n324
 3.149e-15  7.934e-16  2.356e-15  n325
 3.762e-15  1.409e-15  2.353e-15  n326
 3.613e-15  1.256e-15  2.357e-15  n327
 7.623e-15  2.974e-15  4.649e-15  n328
 5.198e-15  9.869e-16  4.211e-15  n329
 1.112e-14  1.931e-15   9.19e-15  n330
 6.295e-15  1.456e-15  4.839e-15  n331
 7.834e-15  6.301e-16  7.204e-15  n332
 5.928e-15  1.419e-15  4.509e-15  n333
 5.178e-15  1.336e-15  3.842e-15  n334
 8.283e-15  1.656e-15  6.627e-15  n335
 7.411e-15  3.569e-15  3.842e-15  n337
 7.574e-15  3.292e-15  4.282e-15  n338
 6.903e-15  2.601e-15  4.302e-15  n339
 4.065e-15  1.709e-15  2.356e-15  n340
 4.513e-15   2.16e-15  2.353e-15  n341
 8.007e-15  3.168e-15  4.839e-15  n342
 7.671e-15  3.369e-15  4.302e-15  n343
 4.897e-15  2.541e-15  2.356e-15  n344
 5.805e-15  3.452e-15  2.353e-15  n345
 2.859e-15  1.154e-15  1.705e-15  n346
 4.848e-15   9.54e-16  3.894e-15  n347
 3.817e-15  1.461e-15  2.356e-15  n348
 6.472e-15  1.807e-15  4.665e-15  n349
 7.638e-15  3.236e-15  4.402e-15  n350
 7.278e-15  2.439e-15  4.839e-15  n351
 6.988e-15  2.468e-15   4.52e-15  n352
 9.616e-15  2.831e-15  6.785e-15  n353
 5.344e-15  1.508e-15  3.836e-15  n354
 6.401e-15  2.099e-15  4.302e-15  n355
 3.831e-15  4.446e-17  3.787e-15  n356
 1.034e-14  1.509e-15  8.831e-15  n358
 1.012e-14  8.647e-16  9.255e-15  n359
  4.29e-15  1.101e-15  3.189e-15  n360
 2.292e-15  6.613e-16  1.631e-15  n361
 2.409e-15  8.559e-16  1.553e-15  n362
 5.812e-15  1.303e-15  4.509e-15  n364
 1.454e-14  3.697e-15  1.085e-14  n365
 5.349e-15  8.289e-16   4.52e-15  n366
 1.106e-14  3.284e-15  7.775e-15  n367
  8.33e-15    2.6e-15   5.73e-15  n368
 8.723e-15  1.519e-15  7.204e-15  n369
 1.053e-14  1.374e-15  9.153e-15  n3701
 7.769e-15  3.226e-15  4.543e-15  n371
 1.025e-14   3.35e-15  6.903e-15  n372
  9.98e-15  3.279e-15  6.701e-15  n373
 5.636e-15  1.818e-15  3.818e-15  n374
 1.152e-14  2.434e-15  9.089e-15  n375
 7.593e-15  1.456e-15  6.137e-15  n376
 3.603e-15  1.718e-15  1.885e-15  n377
 1.208e-14  3.341e-15  8.741e-15  n378
 7.802e-15  3.647e-15  4.155e-15  n381
 9.747e-15  4.086e-15  5.661e-15  n382
 1.066e-14  1.832e-15  8.831e-15  n383
 1.142e-14  2.129e-15  9.287e-15  n384
 1.233e-14  3.895e-15  8.436e-15  n385
 8.121e-15  3.452e-15  4.669e-15  n386
 2.903e-15  6.139e-16  2.289e-15  n387
 1.003e-14  1.136e-15  8.895e-15  n388
 8.692e-15  1.201e-15  7.491e-15  n389
 1.062e-14  1.465e-15  9.153e-15  n3901
 9.394e-15  3.057e-15  6.337e-15  n391
 5.158e-15  1.468e-15   3.69e-15  n392
 6.718e-15  2.198e-15   4.52e-15  n393
 9.947e-15  3.162e-15  6.785e-15  n394
 1.151e-14  2.683e-15  8.831e-15  n395
 1.237e-14  3.078e-15  9.287e-15  n396
 8.364e-15  4.522e-15  3.842e-15  n397
 8.431e-15  1.227e-15  7.204e-15  n398
 5.805e-15  1.296e-15  4.509e-15  n399
 9.703e-15   5.16e-15  4.543e-15  n4001
 1.006e-14  4.075e-15  5.981e-15  n401
 1.157e-14  4.929e-15  6.642e-15  n402
 8.636e-15  4.193e-15  4.443e-15  n403
 6.138e-15  1.618e-15   4.52e-15  n404
 5.337e-15  8.637e-16  4.473e-15  n405
  7.07e-15  1.357e-15  5.713e-15  n406
 1.097e-14  4.363e-15  6.606e-15  n407
 8.302e-15  1.098e-15  7.204e-15  n408
 7.551e-15  3.042e-15  4.509e-15  n409
  1.43e-14  5.547e-15  8.755e-15  n4101
 3.173e-15  6.234e-16   2.55e-15  n411
 1.767e-14      5e-15  1.267e-14  n412
 1.021e-14   2.37e-15  7.835e-15  n413
 1.167e-14   2.58e-15  9.089e-15  n414
 6.378e-15  1.468e-15   4.91e-15  n415
 1.083e-14  1.999e-15  8.831e-15  n416
 1.005e-14  7.641e-16  9.287e-15  n417
 4.849e-15  1.225e-15  3.624e-15  n418
 1.005e-14  3.778e-15  6.274e-15  n419
 9.458e-15  2.254e-15  7.204e-15  n4201
 8.147e-15  3.638e-15  4.509e-15  n422
  6.21e-15  1.667e-15  4.543e-15  n423
 1.934e-14  6.502e-15  1.284e-14  n424
 6.397e-15  1.954e-15  4.443e-15  n425
 3.398e-15  1.042e-15  2.356e-15  n426
 6.862e-15  2.197e-15  4.665e-15  n427
 2.384e-14  7.947e-15  1.589e-14  n428
 8.803e-15  2.944e-15  5.859e-15  n429
 8.954e-15  3.211e-15  5.743e-15  n4301
 5.198e-15  1.592e-15  3.606e-15  n431
 4.972e-15  1.053e-15  3.919e-15  n432
 8.909e-15  2.303e-15  6.606e-15  n433
 1.235e-14  3.538e-15  8.815e-15  n434
 1.052e-14  2.919e-15  7.603e-15  n437
 1.002e-14  4.686e-15  5.329e-15  n438
 1.005e-14   4.95e-15  5.104e-15  n439
 1.499e-14  6.683e-15  8.304e-15  n4401
 5.687e-15  1.167e-15   4.52e-15  n441
 6.364e-15  1.891e-15  4.473e-15  n442
 4.717e-15  1.093e-15  3.624e-15  n443
 1.067e-14  4.391e-15  6.274e-15  n444
 1.098e-14  1.888e-15  9.087e-15  n445
 8.787e-15   2.45e-15  6.337e-15  n447
 6.434e-15  1.991e-15  4.443e-15  n448
 4.417e-15  2.061e-15  2.356e-15  n449
 6.578e-15  1.913e-15  4.665e-15  n4501
 1.052e-14  3.881e-15  6.642e-15  n451
 1.037e-14  1.538e-15  8.831e-15  n452
 1.015e-14  8.586e-16  9.287e-15  n453
  4.87e-15  1.246e-15  3.624e-15  n454
 9.755e-15  3.481e-15  6.274e-15  n455
 9.573e-15  2.946e-15  6.627e-15  n456
 1.731e-14   3.74e-15  1.357e-14  n458
 4.138e-15  1.588e-15   2.55e-15  n459
 1.546e-14  2.228e-15  1.323e-14  n4601
 9.588e-15  2.926e-15  6.662e-15  n461
 1.023e-14  1.792e-15  8.436e-15  n462
 3.812e-15  1.362e-15   2.45e-15  n463
 1.123e-14  2.402e-15  8.831e-15  n464
 1.097e-14  1.682e-15  9.287e-15  n465
 4.809e-15  1.185e-15  3.624e-15  n466
 1.073e-14  4.461e-15  6.274e-15  n467
 8.879e-15  1.675e-15  7.204e-15  n468
 5.882e-15  1.373e-15  4.509e-15  n469
 1.363e-14  3.189e-15  1.044e-14  n4701
 1.442e-14  3.249e-15  1.117e-14  n471
 7.116e-15  2.811e-15  4.305e-15  n472
 8.324e-15  2.721e-15  5.603e-15  n473
 1.101e-14   2.12e-15  8.895e-15  n474
 8.635e-15  1.144e-15  7.491e-15  n475
 1.188e-14   2.73e-15  9.153e-15  n477
 5.773e-15  2.233e-15   3.54e-15  n478
 6.644e-15  2.201e-15  4.443e-15  n479
 1.008e-14   1.25e-15  8.831e-15  n4801
  1.06e-14  1.314e-15  9.287e-15  n481
 1.071e-14  2.253e-15  8.456e-15  n482
 5.555e-15  9.773e-16  4.578e-15  n483
 1.002e-14   1.13e-15  8.895e-15  n484
 9.674e-15  2.183e-15  7.491e-15  n485
 5.943e-15  1.434e-15  4.509e-15  n487
 6.842e-15  2.299e-15  4.543e-15  n488
 7.287e-15  2.844e-15  4.443e-15  n489
 1.001e-14  1.184e-15  8.831e-15  n4901
 1.023e-14  9.425e-16  9.287e-15  n491
 8.639e-15  2.363e-15  6.276e-15  n492
 4.476e-15  3.015e-16  4.174e-15  n493
 1.102e-14  2.011e-15  9.011e-15  n494
  8.72e-15  1.516e-15  7.204e-15  n495
 5.887e-15  1.378e-15  4.509e-15  n497
 2.281e-14  5.255e-15  1.755e-14  n526
 1.018e-14  3.422e-15  6.762e-15  n527
 6.781e-15  1.897e-15  4.884e-15  n528
 5.411e-15  1.894e-15  3.517e-15  n5301
 1.301e-14  2.631e-15  1.038e-14  n531
 2.025e-14  4.581e-15  1.567e-14  n532
 2.318e-14  5.591e-15  1.759e-14  n533
 1.461e-14  3.862e-15  1.075e-14  n534
  5.51e-15  9.903e-16   4.52e-15  n535
 6.903e-15  1.726e-15  5.177e-15  n536
 2.526e-14  5.514e-15  1.975e-14  n537
 2.835e-15  5.456e-16  2.289e-15  n538
 5.881e-15  1.478e-15  4.403e-15  n539
  6.48e-15  1.741e-15  4.739e-15  n5401
 1.471e-14  3.567e-15  1.115e-14  n543
 1.477e-14  4.141e-15  1.063e-14  n544
 2.345e-14  2.644e-15   2.08e-14  n545
 1.316e-14  2.191e-15  1.096e-14  n546
 2.435e-15  1.459e-16  2.289e-15  n547
 9.176e-15   2.81e-16  8.895e-15  n548
 9.215e-15  1.724e-15  7.491e-15  n549
 5.514e-15  9.937e-16   4.52e-15  n5501
 8.042e-15   1.28e-15  6.762e-15  n551
 4.239e-15  1.884e-15  2.355e-15  n552
 2.314e-14  5.863e-15  1.728e-14  n553
 6.459e-15  5.231e-15  1.228e-15  n554
 8.351e-15   2.55e-15  5.801e-15  n555
 1.729e-14  4.088e-15  1.321e-14  n556
 9.972e-15  3.449e-15  6.523e-15  n557
 3.157e-15  8.676e-16  2.289e-15  n558
 3.433e-15  1.078e-15  2.355e-15  n559
 3.252e-15  8.003e-16  2.452e-15  n5601
 3.716e-15  1.419e-15  2.297e-15  n562
 1.102e-14  2.281e-15  8.736e-15  n563
 3.087e-15  7.755e-16  2.312e-15  n564
 9.216e-15  2.764e-15  6.452e-15  n565
 2.935e-15  1.319e-15  1.616e-15  n566
 6.237e-15  1.727e-15   4.51e-15  n567
 2.434e-15  1.206e-15  1.228e-15  n568
 1.979e-14  6.352e-15  1.344e-14  n569
 1.844e-14  5.462e-15  1.298e-14  n5701
 1.549e-14  5.443e-15  1.005e-14  n571
 6.531e-15  4.175e-15  2.356e-15  n572
  4.18e-15  7.938e-16  3.386e-15  n573
 1.263e-14  1.845e-15  1.079e-14  n574
 3.352e-15  9.885e-16  2.364e-15  n575
 3.842e-15  1.276e-15  2.566e-15  n576
 2.255e-15  1.027e-15  1.228e-15  n577
 8.153e-15  2.524e-15  5.629e-15  n578
 6.635e-15  1.871e-15  4.764e-15  n579
 3.761e-15  1.309e-15  2.452e-15  n5801
 3.443e-15  2.215e-15  1.228e-15  n581
 8.537e-15  9.829e-16  7.554e-15  n582
 1.341e-14  1.836e-15  1.158e-14  n583
 1.624e-14  4.634e-15  1.161e-14  n584
 3.249e-15  7.967e-16  2.452e-15  n585
 2.171e-15  9.431e-16  1.228e-15  n587
 1.351e-14  2.516e-15    1.1e-14  n588
 1.244e-14  1.473e-15  1.096e-14  n589
 3.268e-15  9.788e-16  2.289e-15  n5901
  1.71e-14  5.827e-15  1.127e-14  n591
 2.956e-15   8.96e-16   2.06e-15  n592
 2.465e-15  1.237e-15  1.228e-15  n594
 7.188e-15  1.089e-15  6.099e-15  n595
 1.507e-14  3.528e-15  1.154e-14  n596
 1.448e-14  2.839e-15  1.164e-14  n597
 3.613e-15  1.161e-15  2.452e-15  n598
 1.996e-15  7.678e-16  1.228e-15  n599
 1.045e-14  1.756e-15  8.697e-15  n6001
 8.273e-15   1.75e-15  6.523e-15  n601
 2.962e-15  6.733e-16  2.289e-15  n602
  3.34e-15   1.28e-15   2.06e-15  n603
 2.104e-15  8.763e-16  1.228e-15  n604
   4.7e-15  1.085e-15  3.615e-15  n605
 1.124e-14  3.161e-15  8.075e-15  n606
 2.274e-15  7.209e-16  1.553e-15  n607
 1.956e-15  7.276e-16  1.228e-15  n609
 2.001e-15  1.097e-15   9.04e-16  n613
 3.056e-15  2.152e-15   9.04e-16  n614
 3.744e-15   2.84e-15   9.04e-16  n615
 2.216e-15  1.312e-15   9.04e-16  n616
 2.129e-15  1.225e-15   9.04e-16  n617
 2.436e-15  1.532e-15   9.04e-16  n618
 2.383e-15  1.479e-15   9.04e-16  n619
 2.862e-15  1.958e-15   9.04e-16  n6201
 2.589e-15  1.685e-15   9.04e-16  n621
 3.525e-15  2.621e-15   9.04e-16  n622
 3.944e-15   3.04e-15   9.04e-16  n623
  2.75e-15  1.846e-15   9.04e-16  n624
  2.39e-15  1.486e-15   9.04e-16  n625
 2.857e-15  1.953e-15   9.04e-16  n626
 2.214e-15   1.31e-15   9.04e-16  n627
 2.551e-15  1.647e-15   9.04e-16  n628
 2.627e-15  1.723e-15   9.04e-16  n629
 2.721e-15  1.817e-15   9.04e-16  n6301
 3.684e-15   2.78e-15   9.04e-16  n631
 2.064e-15   1.16e-15   9.04e-16  n632
 3.123e-15  2.219e-15   9.04e-16  n633
 1.543e-15  6.395e-16   9.04e-16  n634
 1.767e-15  8.634e-16   9.04e-16  n635
 2.392e-15  1.488e-15   9.04e-16  n636
  2.07e-15  1.166e-15   9.04e-16  n637
 2.612e-15  1.708e-15   9.04e-16  n638
 2.011e-15  1.107e-15   9.04e-16  n639
 1.737e-15   8.33e-16   9.04e-16  n6401
  2.27e-15  1.366e-15   9.04e-16  n641
 2.555e-15  1.651e-15   9.04e-16  n642
 1.958e-15  1.054e-15   9.04e-16  n643
  2.48e-15  1.576e-15   9.04e-16  n644
 5.561e-15  2.281e-15   3.28e-15  tmp[31]
 1.274e-14  6.388e-15  6.354e-15  tmp[30]
 1.623e-14  8.608e-15  7.619e-15  tmp[29]
 1.168e-14  4.606e-15  7.077e-15  tmp[28]
 1.643e-14  8.568e-15   7.86e-15  tmp[27]
 1.716e-14  9.539e-15  7.619e-15  tmp[26]
 1.843e-14  1.057e-14   7.86e-15  tmp[25]
 2.367e-14  1.426e-14  9.413e-15  tmp[24]
 3.746e-14   2.78e-14  9.654e-15  tmp[23]
 1.888e-14  1.126e-14  7.619e-15  tmp[22]
 2.161e-14  1.375e-14   7.86e-15  tmp[21]
 1.389e-14  6.273e-15  7.619e-15  tmp[20]
 1.411e-14  6.252e-15   7.86e-15  tmp[19]
 1.418e-14  7.289e-15  6.895e-15  tmp[18]
 1.367e-14  5.812e-15   7.86e-15  tmp[17]
 1.192e-14  4.305e-15  7.619e-15  tmp[16]
 1.877e-14  9.121e-15  9.654e-15  tmp[15]
 1.182e-14  6.482e-15  5.335e-15  tmp[14]
 9.444e-15  4.068e-15  5.376e-15  tmp[13]
 1.566e-14  7.509e-15  8.147e-15  tmp[12]
 2.456e-14  8.403e-15  1.616e-14  tmp[11]
 2.829e-14  1.153e-14  1.676e-14  tmp[10]
 3.083e-14  1.026e-14  2.057e-14  tmp[9]
 3.231e-14  1.889e-14  1.341e-14  tmp[8]
 3.017e-14  1.736e-14  1.282e-14  tmp[7]
 3.433e-14  1.549e-14  1.884e-14  tmp[6]
  2.35e-14  1.024e-14  1.326e-14  tmp[5]
  3.05e-14  1.437e-14  1.613e-14  tmp[4]
 2.512e-14  1.186e-14  1.326e-14  tmp[3]
 2.747e-14  8.084e-15  1.939e-14  tmp[2]
 1.016e-14   3.11e-15  7.049e-15  tmp[1]
 1.002e-14  4.937e-15  5.085e-15  tmp[0]


-----------------------------------------------------------------------------------------
*	Power Distribution Summary: 
*                Highest Average Power:                      U487 (ADDFHX4TS):        1.655e-07 
*                Highest Leakage Power:                      U487 (ADDFHX4TS):        1.655e-07 
*          Total Cap:      1.00047e-11 F
*          Total instances in design:   833
*          Total instances in design with no power:     0
*          Total instances in design with no activity:     0
*          Total Fillers and Decap:     0
-----------------------------------------------------------------------------------------

Total leakage power = 1.46968e-05 mW
Cell usage statistics:  
Library scx3_cmos8rf_lpvt_tt_1p2v_25c , 833 cells ( 100.000000%) , 1.46968e-05 mW ( 100.000000%  ) 
