###############################################################
#  Generated by:      Cadence Innovus 19.10-p002_1
#  OS:                Linux x86_64(Host ID cadpc15)
#  Generated on:      Sat Apr  9 14:55:26 2022
#  Design:            PE
#  Command:           report_timing -check_type setup -nworst 5 > "$design_name.setup.rpt"
###############################################################
Path 1: VIOLATED Setup Check with Pin tmp_reg_16_/CK 
Endpoint:   tmp_reg_16_/D (v) checked with  leading edge of 'clk'
Beginpoint: weight_in[3]  (^) triggered by  leading edge of 'clk'
Path Groups: {clk}
Analysis View: typical
Other End Arrival Time          0.000
- Setup                         0.255
+ Phase Shift                   4.000
+ CPPR Adjustment               0.000
- Uncertainty                   0.010
= Required Time                 3.735
- Arrival Time                  3.949
= Slack Time                   -0.214
     Clock Rise Edge                      0.000
     + Input Delay                        0.100
     + Drive Adjustment                   0.065
     = Beginpoint Arrival Time            0.165
     +------------------------------------------------------------------------------------+ 
     |        Instance        |      Arc       |    Cell     | Delay | Arrival | Required | 
     |                        |                |             |       |  Time   |   Time   | 
     |------------------------+----------------+-------------+-------+---------+----------| 
     |                        | weight_in[3] ^ |             |       |   0.165 |   -0.049 | 
     | FE_PDC279_weight_in_3  | A ^ -> Y ^     | BUFX2TS     | 0.204 |   0.368 |    0.155 | 
     | FE_OCPC271_weight_in_3 | A ^ -> Y ^     | BUFX8TS     | 0.165 |   0.534 |    0.320 | 
     | FE_OCPC272_weight_in_3 | A ^ -> Y ^     | BUFX6TS     | 0.155 |   0.689 |    0.476 | 
     | FE_RC_195_0            | AN ^ -> Y ^    | NAND2BX4TS  | 0.174 |   0.863 |    0.649 | 
     | FE_RC_194_0            | A ^ -> Y v     | NAND2X6TS   | 0.124 |   0.987 |    0.773 | 
     | FE_OCPC261_n102        | A v -> Y ^     | CLKINVX6TS  | 0.097 |   1.084 |    0.871 | 
     | U211_dup               | A ^ -> Y v     | NAND2X4TS   | 0.079 |   1.163 |    0.950 | 
     | U95                    | A0 v -> Y ^    | OAI22X4TS   | 0.154 |   1.318 |    1.104 | 
     | U431                   | A ^ -> S ^     | ADDFHX2TS   | 0.569 |   1.887 |    1.673 | 
     | U434                   | CI ^ -> S v    | ADDFHX2TS   | 0.393 |   2.280 |    2.067 | 
     | U438                   | A v -> Y ^     | NOR2X2TS    | 0.168 |   2.449 |    2.235 | 
     | U475                   | A0 ^ -> Y ^    | OA21X4TS    | 0.246 |   2.694 |    2.481 | 
     | FE_RC_15_0             | B0 ^ -> Y v    | OAI21X4TS   | 0.092 |   2.787 |    2.573 | 
     | FE_RC_1_0              | A v -> Y ^     | NAND2X2TS   | 0.102 |   2.889 |    2.676 | 
     | FE_RC_0_0              | A ^ -> Y ^     | AND2X8TS    | 0.200 |   3.089 |    2.876 | 
     | U530                   | A0 ^ -> Y v    | OAI21X4TS   | 0.138 |   3.227 |    3.014 | 
     | FE_OCPC248_n294        | A v -> Y ^     | INVX8TS     | 0.157 |   3.385 |    3.171 | 
     | FE_OCPC251_n294        | A ^ -> Y v     | CLKINVX12TS | 0.124 |   3.509 |    3.295 | 
     | FE_RC_43_0             | A0 v -> Y ^    | AOI21X4TS   | 0.171 |   3.679 |    3.466 | 
     | FE_RC_191_0            | A ^ -> Y v     | INVX3TS     | 0.102 |   3.781 |    3.568 | 
     | FE_RC_190_0            | A v -> Y ^     | NAND2X4TS   | 0.079 |   3.860 |    3.646 | 
     | FE_RC_133_0            | A0 ^ -> Y v    | AOI21X4TS   | 0.089 |   3.949 |    3.735 | 
     | tmp_reg_16_            | D v            | DFFRHQX2TS  | 0.000 |   3.949 |    3.735 | 
     +------------------------------------------------------------------------------------+ 
Path 2: VIOLATED Setup Check with Pin tmp_reg_16_/CK 
Endpoint:   tmp_reg_16_/D (^) checked with  leading edge of 'clk'
Beginpoint: weight_in[3]  (^) triggered by  leading edge of 'clk'
Path Groups: {clk}
Analysis View: typical
Other End Arrival Time          0.000
- Setup                         0.208
+ Phase Shift                   4.000
+ CPPR Adjustment               0.000
- Uncertainty                   0.010
= Required Time                 3.782
- Arrival Time                  3.994
= Slack Time                   -0.212
     Clock Rise Edge                      0.000
     + Input Delay                        0.100
     + Drive Adjustment                   0.065
     = Beginpoint Arrival Time            0.165
     +------------------------------------------------------------------------------------+ 
     |        Instance        |      Arc       |    Cell     | Delay | Arrival | Required | 
     |                        |                |             |       |  Time   |   Time   | 
     |------------------------+----------------+-------------+-------+---------+----------| 
     |                        | weight_in[3] ^ |             |       |   0.165 |   -0.047 | 
     | FE_PDC279_weight_in_3  | A ^ -> Y ^     | BUFX2TS     | 0.204 |   0.368 |    0.157 | 
     | FE_OCPC271_weight_in_3 | A ^ -> Y ^     | BUFX8TS     | 0.165 |   0.534 |    0.322 | 
     | FE_OCPC272_weight_in_3 | A ^ -> Y ^     | BUFX6TS     | 0.155 |   0.689 |    0.477 | 
     | FE_RC_195_0            | AN ^ -> Y ^    | NAND2BX4TS  | 0.174 |   0.863 |    0.651 | 
     | FE_RC_194_0            | A ^ -> Y v     | NAND2X6TS   | 0.124 |   0.987 |    0.775 | 
     | FE_OCPC261_n102        | A v -> Y ^     | CLKINVX6TS  | 0.097 |   1.084 |    0.872 | 
     | U211_dup               | A ^ -> Y v     | NAND2X4TS   | 0.079 |   1.163 |    0.951 | 
     | U95                    | A0 v -> Y ^    | OAI22X4TS   | 0.154 |   1.318 |    1.106 | 
     | U431                   | A ^ -> CO ^    | ADDFHX2TS   | 0.592 |   1.910 |    1.698 | 
     | U432                   | A ^ -> S ^     | ADDFHX2TS   | 0.592 |   2.502 |    2.290 | 
     | U477                   | A ^ -> Y v     | NAND2X2TS   | 0.143 |   2.646 |    2.434 | 
     | U479                   | A1 v -> Y ^    | OAI21X2TS   | 0.176 |   2.822 |    2.610 | 
     | FE_RC_2_0              | A ^ -> Y v     | INVX2TS     | 0.099 |   2.921 |    2.709 | 
     | FE_RC_0_0              | B v -> Y v     | AND2X8TS    | 0.197 |   3.118 |    2.906 | 
     | U530                   | A0 v -> Y ^    | OAI21X4TS   | 0.202 |   3.320 |    3.108 | 
     | FE_OCPC248_n294        | A ^ -> Y v     | INVX8TS     | 0.162 |   3.482 |    3.270 | 
     | FE_OCPC251_n294        | A v -> Y ^     | CLKINVX12TS | 0.094 |   3.576 |    3.364 | 
     | FE_RC_43_0             | A0 ^ -> Y v    | AOI21X4TS   | 0.100 |   3.677 |    3.465 | 
     | FE_RC_191_0            | A v -> Y ^     | INVX3TS     | 0.104 |   3.781 |    3.569 | 
     | FE_RC_190_0            | A ^ -> Y v     | NAND2X4TS   | 0.080 |   3.861 |    3.649 | 
     | FE_RC_133_0            | A0 v -> Y ^    | AOI21X4TS   | 0.134 |   3.994 |    3.782 | 
     | tmp_reg_16_            | D ^            | DFFRHQX2TS  | 0.000 |   3.994 |    3.782 | 
     +------------------------------------------------------------------------------------+ 
Path 3: VIOLATED Setup Check with Pin tmp_reg_16_/CK 
Endpoint:   tmp_reg_16_/D (v) checked with  leading edge of 'clk'
Beginpoint: weight_in[3]  (^) triggered by  leading edge of 'clk'
Path Groups: {clk}
Analysis View: typical
Other End Arrival Time          0.000
- Setup                         0.255
+ Phase Shift                   4.000
+ CPPR Adjustment               0.000
- Uncertainty                   0.010
= Required Time                 3.735
- Arrival Time                  3.946
= Slack Time                   -0.211
     Clock Rise Edge                      0.000
     + Input Delay                        0.100
     + Drive Adjustment                   0.065
     = Beginpoint Arrival Time            0.165
     +------------------------------------------------------------------------------------+ 
     |        Instance        |      Arc       |    Cell     | Delay | Arrival | Required | 
     |                        |                |             |       |  Time   |   Time   | 
     |------------------------+----------------+-------------+-------+---------+----------| 
     |                        | weight_in[3] ^ |             |       |   0.165 |   -0.046 | 
     | FE_PDC279_weight_in_3  | A ^ -> Y ^     | BUFX2TS     | 0.204 |   0.368 |    0.158 | 
     | FE_OCPC271_weight_in_3 | A ^ -> Y ^     | BUFX8TS     | 0.165 |   0.534 |    0.323 | 
     | FE_OCPC272_weight_in_3 | A ^ -> Y ^     | BUFX6TS     | 0.155 |   0.689 |    0.478 | 
     | FE_RC_195_0            | AN ^ -> Y ^    | NAND2BX4TS  | 0.174 |   0.863 |    0.652 | 
     | FE_RC_194_0            | A ^ -> Y v     | NAND2X6TS   | 0.124 |   0.987 |    0.776 | 
     | FE_OCPC261_n102        | A v -> Y ^     | CLKINVX6TS  | 0.097 |   1.084 |    0.873 | 
     | U211_dup               | A ^ -> Y v     | NAND2X4TS   | 0.079 |   1.163 |    0.952 | 
     | U95                    | A0 v -> Y ^    | OAI22X4TS   | 0.154 |   1.318 |    1.107 | 
     | U431                   | A ^ -> S ^     | ADDFHX2TS   | 0.569 |   1.887 |    1.676 | 
     | U434                   | CI ^ -> S v    | ADDFHX2TS   | 0.393 |   2.280 |    2.069 | 
     | U438                   | A v -> Y ^     | NOR2X2TS    | 0.168 |   2.449 |    2.238 | 
     | U439                   | A ^ -> Y v     | INVX2TS     | 0.135 |   2.583 |    2.372 | 
     | U446                   | A v -> Y ^     | NAND2X4TS   | 0.091 |   2.675 |    2.464 | 
     | FE_RC_15_0             | A1 ^ -> Y v    | OAI21X4TS   | 0.109 |   2.784 |    2.573 | 
     | FE_RC_1_0              | A v -> Y ^     | NAND2X2TS   | 0.102 |   2.887 |    2.676 | 
     | FE_RC_0_0              | A ^ -> Y ^     | AND2X8TS    | 0.200 |   3.086 |    2.876 | 
     | U530                   | A0 ^ -> Y v    | OAI21X4TS   | 0.138 |   3.225 |    3.014 | 
     | FE_OCPC248_n294        | A v -> Y ^     | INVX8TS     | 0.157 |   3.382 |    3.171 | 
     | FE_OCPC251_n294        | A ^ -> Y v     | CLKINVX12TS | 0.124 |   3.506 |    3.295 | 
     | FE_RC_43_0             | A0 v -> Y ^    | AOI21X4TS   | 0.171 |   3.677 |    3.466 | 
     | FE_RC_191_0            | A ^ -> Y v     | INVX3TS     | 0.102 |   3.779 |    3.568 | 
     | FE_RC_190_0            | A v -> Y ^     | NAND2X4TS   | 0.079 |   3.857 |    3.646 | 
     | FE_RC_133_0            | A0 ^ -> Y v    | AOI21X4TS   | 0.089 |   3.946 |    3.735 | 
     | tmp_reg_16_            | D v            | DFFRHQX2TS  | 0.000 |   3.946 |    3.735 | 
     +------------------------------------------------------------------------------------+ 
Path 4: VIOLATED Setup Check with Pin tmp_reg_27_/CK 
Endpoint:   tmp_reg_27_/D (v) checked with  leading edge of 'clk'
Beginpoint: weight_in[3]  (^) triggered by  leading edge of 'clk'
Path Groups: {clk}
Analysis View: typical
Other End Arrival Time          0.000
- Setup                         0.256
+ Phase Shift                   4.000
+ CPPR Adjustment               0.000
- Uncertainty                   0.010
= Required Time                 3.734
- Arrival Time                  3.942
= Slack Time                   -0.208
     Clock Rise Edge                      0.000
     + Input Delay                        0.100
     + Drive Adjustment                   0.065
     = Beginpoint Arrival Time            0.165
     +-----------------------------------------------------------------------------------+ 
     |        Instance        |      Arc       |    Cell    | Delay | Arrival | Required | 
     |                        |                |            |       |  Time   |   Time   | 
     |------------------------+----------------+------------+-------+---------+----------| 
     |                        | weight_in[3] ^ |            |       |   0.165 |   -0.043 | 
     | FE_PDC279_weight_in_3  | A ^ -> Y ^     | BUFX2TS    | 0.204 |   0.368 |    0.161 | 
     | FE_OCPC271_weight_in_3 | A ^ -> Y ^     | BUFX8TS    | 0.165 |   0.534 |    0.326 | 
     | FE_OCPC272_weight_in_3 | A ^ -> Y ^     | BUFX6TS    | 0.155 |   0.689 |    0.481 | 
     | FE_RC_195_0            | AN ^ -> Y ^    | NAND2BX4TS | 0.174 |   0.863 |    0.655 | 
     | FE_RC_194_0            | A ^ -> Y v     | NAND2X6TS  | 0.124 |   0.987 |    0.779 | 
     | FE_OCPC261_n102        | A v -> Y ^     | CLKINVX6TS | 0.097 |   1.084 |    0.876 | 
     | U211_dup               | A ^ -> Y v     | NAND2X4TS  | 0.079 |   1.163 |    0.955 | 
     | U95                    | A0 v -> Y ^    | OAI22X4TS  | 0.154 |   1.318 |    1.110 | 
     | U431                   | A ^ -> S ^     | ADDFHX2TS  | 0.569 |   1.887 |    1.679 | 
     | U434                   | CI ^ -> S v    | ADDFHX2TS  | 0.393 |   2.280 |    2.072 | 
     | U438                   | A v -> Y ^     | NOR2X2TS   | 0.168 |   2.449 |    2.241 | 
     | U475                   | A0 ^ -> Y ^    | OA21X4TS   | 0.246 |   2.694 |    2.487 | 
     | FE_RC_15_0             | B0 ^ -> Y v    | OAI21X4TS  | 0.092 |   2.787 |    2.579 | 
     | FE_RC_1_0              | A v -> Y ^     | NAND2X2TS  | 0.102 |   2.889 |    2.681 | 
     | FE_RC_0_0              | A ^ -> Y ^     | AND2X8TS   | 0.200 |   3.089 |    2.881 | 
     | U530                   | A0 ^ -> Y v    | OAI21X4TS  | 0.138 |   3.227 |    3.020 | 
     | FE_OCPC249_n294        | A v -> Y ^     | INVX4TS    | 0.132 |   3.359 |    3.151 | 
     | FE_OCPC254_n294        | A ^ -> Y v     | INVX6TS    | 0.097 |   3.456 |    3.248 | 
     | U600                   | A0 v -> Y ^    | AOI21X2TS  | 0.191 |   3.647 |    3.439 | 
     | U601                   | A ^ -> Y ^     | XOR2X4TS   | 0.183 |   3.831 |    3.623 | 
     | U602                   | A ^ -> Y v     | NOR2X2TS   | 0.111 |   3.942 |    3.734 | 
     | tmp_reg_27_            | D v            | DFFRHQX2TS | 0.000 |   3.942 |    3.734 | 
     +-----------------------------------------------------------------------------------+ 
Path 5: VIOLATED Setup Check with Pin tmp_reg_27_/CK 
Endpoint:   tmp_reg_27_/D (v) checked with  leading edge of 'clk'
Beginpoint: weight_in[3]  (^) triggered by  leading edge of 'clk'
Path Groups: {clk}
Analysis View: typical
Other End Arrival Time          0.000
- Setup                         0.256
+ Phase Shift                   4.000
+ CPPR Adjustment               0.000
- Uncertainty                   0.010
= Required Time                 3.734
- Arrival Time                  3.939
= Slack Time                   -0.205
     Clock Rise Edge                      0.000
     + Input Delay                        0.100
     + Drive Adjustment                   0.065
     = Beginpoint Arrival Time            0.165
     +-----------------------------------------------------------------------------------+ 
     |        Instance        |      Arc       |    Cell    | Delay | Arrival | Required | 
     |                        |                |            |       |  Time   |   Time   | 
     |------------------------+----------------+------------+-------+---------+----------| 
     |                        | weight_in[3] ^ |            |       |   0.165 |   -0.040 | 
     | FE_PDC279_weight_in_3  | A ^ -> Y ^     | BUFX2TS    | 0.204 |   0.368 |    0.163 | 
     | FE_OCPC271_weight_in_3 | A ^ -> Y ^     | BUFX8TS    | 0.165 |   0.534 |    0.329 | 
     | FE_OCPC272_weight_in_3 | A ^ -> Y ^     | BUFX6TS    | 0.155 |   0.689 |    0.484 | 
     | FE_RC_195_0            | AN ^ -> Y ^    | NAND2BX4TS | 0.174 |   0.863 |    0.658 | 
     | FE_RC_194_0            | A ^ -> Y v     | NAND2X6TS  | 0.124 |   0.987 |    0.782 | 
     | FE_OCPC261_n102        | A v -> Y ^     | CLKINVX6TS | 0.097 |   1.084 |    0.879 | 
     | U211_dup               | A ^ -> Y v     | NAND2X4TS  | 0.079 |   1.163 |    0.958 | 
     | U95                    | A0 v -> Y ^    | OAI22X4TS  | 0.154 |   1.318 |    1.112 | 
     | U431                   | A ^ -> S ^     | ADDFHX2TS  | 0.569 |   1.887 |    1.682 | 
     | U434                   | CI ^ -> S v    | ADDFHX2TS  | 0.393 |   2.280 |    2.075 | 
     | U438                   | A v -> Y ^     | NOR2X2TS   | 0.168 |   2.449 |    2.243 | 
     | U439                   | A ^ -> Y v     | INVX2TS    | 0.135 |   2.583 |    2.378 | 
     | U446                   | A v -> Y ^     | NAND2X4TS  | 0.091 |   2.675 |    2.469 | 
     | FE_RC_15_0             | A1 ^ -> Y v    | OAI21X4TS  | 0.109 |   2.784 |    2.579 | 
     | FE_RC_1_0              | A v -> Y ^     | NAND2X2TS  | 0.102 |   2.887 |    2.681 | 
     | FE_RC_0_0              | A ^ -> Y ^     | AND2X8TS   | 0.200 |   3.086 |    2.881 | 
     | U530                   | A0 ^ -> Y v    | OAI21X4TS  | 0.138 |   3.225 |    3.020 | 
     | FE_OCPC249_n294        | A v -> Y ^     | INVX4TS    | 0.132 |   3.357 |    3.151 | 
     | FE_OCPC254_n294        | A ^ -> Y v     | INVX6TS    | 0.097 |   3.454 |    3.248 | 
     | U600                   | A0 v -> Y ^    | AOI21X2TS  | 0.191 |   3.645 |    3.439 | 
     | U601                   | A ^ -> Y ^     | XOR2X4TS   | 0.183 |   3.828 |    3.623 | 
     | U602                   | A ^ -> Y v     | NOR2X2TS   | 0.111 |   3.939 |    3.734 | 
     | tmp_reg_27_            | D v            | DFFRHQX2TS | 0.000 |   3.939 |    3.734 | 
     +-----------------------------------------------------------------------------------+ 

